c:\users\kdrupp\source\repos\motion_interpolator\debug\vc142.pdb
c:\users\kdrupp\source\repos\motion_interpolator\debug\vc142.idb
c:\users\kdrupp\source\repos\motion_interpolator\debug\motion.obj
c:\users\kdrupp\source\repos\motion_interpolator\debug\kinematik.obj
c:\users\kdrupp\source\repos\motion_interpolator\debug\collisionavoidance.obj
c:\users\kdrupp\source\repos\motion_interpolator\debug\arduino.obj
c:\users\kdrupp\source\repos\motion_interpolator\debug\motion_interpolator.obj
c:\users\kdrupp\source\repos\motion_interpolator\debug\axis.obj
c:\users\kdrupp\source\repos\motion_interpolator\debug\motion_interpolator.exe
c:\users\kdrupp\source\repos\motion_interpolator\debug\motion_interpolator.ilk
c:\users\kdrupp\source\repos\motion_interpolator\debug\motion_interpolator.pdb
c:\users\kdrupp\source\repos\motion_interpolator\debug\arduino.obj.enc
c:\users\kdrupp\source\repos\motion_interpolator\debug\axis.obj.enc
c:\users\kdrupp\source\repos\motion_interpolator\debug\collisionavoidance.new.obj.enc
c:\users\kdrupp\source\repos\motion_interpolator\debug\kinematik.obj.enc
c:\users\kdrupp\source\repos\motion_interpolator\debug\motion.obj.enc
c:\users\kdrupp\source\repos\motion_interpolator\debug\motion_interpolator.obj.enc
c:\users\kdrupp\source\repos\motion_interpolator\debug\motion_i.19ffc863.tlog\cl.command.1.tlog
c:\users\kdrupp\source\repos\motion_interpolator\debug\motion_i.19ffc863.tlog\cl.write.1.tlog
c:\users\kdrupp\source\repos\motion_interpolator\debug\motion_i.19ffc863.tlog\link.command.1.tlog
c:\users\kdrupp\source\repos\motion_interpolator\debug\motion_i.19ffc863.tlog\link.read.1.tlog
c:\users\kdrupp\source\repos\motion_interpolator\debug\motion_i.19ffc863.tlog\link.write.1.tlog
