r:\users\kdrupp\documents\dhbw\kooperative forschung\gauder akustik\source\repos\motion_interpolator\motion_interpolator\debug\vc142.pdb
r:\users\kdrupp\documents\dhbw\kooperative forschung\gauder akustik\source\repos\motion_interpolator\motion_interpolator\debug\vc142.idb
r:\users\kdrupp\documents\dhbw\kooperative forschung\gauder akustik\source\repos\motion_interpolator\motion_interpolator\debug\motion.obj
r:\users\kdrupp\documents\dhbw\kooperative forschung\gauder akustik\source\repos\motion_interpolator\motion_interpolator\debug\kinematik.obj
r:\users\kdrupp\documents\dhbw\kooperative forschung\gauder akustik\source\repos\motion_interpolator\motion_interpolator\debug\collisionavoidance.obj
r:\users\kdrupp\documents\dhbw\kooperative forschung\gauder akustik\source\repos\motion_interpolator\motion_interpolator\debug\axis.obj
r:\users\kdrupp\documents\dhbw\kooperative forschung\gauder akustik\source\repos\motion_interpolator\motion_interpolator\debug\motion_interpolator.obj
r:\users\kdrupp\documents\dhbw\kooperative forschung\gauder akustik\source\repos\motion_interpolator\motion_interpolator\debug\jsonvalue.obj
r:\users\kdrupp\documents\dhbw\kooperative forschung\gauder akustik\source\repos\motion_interpolator\motion_interpolator\debug\json.obj
r:\users\kdrupp\documents\dhbw\kooperative forschung\gauder akustik\source\repos\motion_interpolator\motion_interpolator\debug\sclient.obj
r:\users\kdrupp\documents\dhbw\kooperative forschung\gauder akustik\source\repos\motion_interpolator\motion_interpolator\debug\arduino.obj
r:\users\kdrupp\documents\dhbw\kooperative forschung\gauder akustik\source\repos\motion_interpolator\debug\motion_interpolator.exe
r:\users\kdrupp\documents\dhbw\kooperative forschung\gauder akustik\source\repos\motion_interpolator\debug\motion_interpolator.ilk
r:\users\kdrupp\documents\dhbw\kooperative forschung\gauder akustik\source\repos\motion_interpolator\debug\motion_interpolator.pdb
r:\users\kdrupp\documents\dhbw\kooperative forschung\gauder akustik\source\repos\motion_interpolator\motion_interpolator\debug\arduino.obj.enc
r:\users\kdrupp\documents\dhbw\kooperative forschung\gauder akustik\source\repos\motion_interpolator\motion_interpolator\debug\motion.obj.enc
r:\users\kdrupp\documents\dhbw\kooperative forschung\gauder akustik\source\repos\motion_interpolator\motion_interpolator\debug\motion_interpolator.new.obj.enc
r:\users\kdrupp\documents\dhbw\kooperative forschung\gauder akustik\source\repos\motion_interpolator\motion_interpolator\debug\sclient.obj.enc
r:\users\kdrupp\documents\dhbw\kooperative forschung\gauder akustik\source\repos\motion_interpolator\motion_interpolator\debug\motion_i.74a15ff0.tlog\cl.command.1.tlog
r:\users\kdrupp\documents\dhbw\kooperative forschung\gauder akustik\source\repos\motion_interpolator\motion_interpolator\debug\motion_i.74a15ff0.tlog\cl.read.1.tlog
r:\users\kdrupp\documents\dhbw\kooperative forschung\gauder akustik\source\repos\motion_interpolator\motion_interpolator\debug\motion_i.74a15ff0.tlog\cl.write.1.tlog
r:\users\kdrupp\documents\dhbw\kooperative forschung\gauder akustik\source\repos\motion_interpolator\motion_interpolator\debug\motion_i.74a15ff0.tlog\link.command.1.tlog
r:\users\kdrupp\documents\dhbw\kooperative forschung\gauder akustik\source\repos\motion_interpolator\motion_interpolator\debug\motion_i.74a15ff0.tlog\link.read.1.tlog
r:\users\kdrupp\documents\dhbw\kooperative forschung\gauder akustik\source\repos\motion_interpolator\motion_interpolator\debug\motion_i.74a15ff0.tlog\link.write.1.tlog
